<?xml version="1.0" encoding="UTF-8"?>
<!-- Generated by org.testng.reporters.JUnitXMLReporter -->
<testsuite ignored="0" hostname="QSP" failures="1" tests="3" name="Test" time="90.757" errors="0" timestamp="2021-09-04T14:05:53 IST">
  <testcase classname="scripts.FacebookLike" name="tc2" time="16.001"/>
  <testcase classname="scripts.AddingTocart" name="tc1" time="11.586"/>
  <testcase classname="scripts.ShareTwitter" name="tc3" time="25.377">
    <failure type="java.lang.AssertionError" message="expected [Twitter] but found [Learn Core Java for Selenium|Core Java Certification|SkillRary]">
      <![CDATA[java.lang.AssertionError: expected [Twitter] but found [Learn Core Java for Selenium|Core Java Certification|SkillRary]
at scripts.ShareTwitter.tc3(ShareTwitter.java:32)
at java.base/java.util.ArrayList.forEach(ArrayList.java:1511)
... Removed 32 stack frames]]>
    </failure>
  </testcase> <!-- tc3 -->
</testsuite> <!-- Test -->
